[2026-04-18 12:30:43] CALL: Received payload: {"fullname":"bbb","email":"bbb@gmail.com","password":"12345","role":"student"}
[2026-04-18 12:30:43] SUCCESS: User bbb@gmail.com created with ID 1
[2026-04-18 12:34:12] CALL: Received payload: {"fullname":"tariro","email":"tariro@gmail.com","password":"12345","role":"administrator"}
[2026-04-18 12:34:12] SUCCESS: User tariro@gmail.com created with ID 2
[2026-04-18 13:00:21] CALL: Received payload: {"fullname":"tttt","email":"noe@gmail.com","password":"12345","role":"instructor"}
[2026-04-18 13:00:21] SUCCESS: User noe@gmail.com created with ID 4
[2026-04-18 17:48:59] CALL: Received payload: {"fullname":"Melisa","email":"melzs@gmail.com","password":"12345","role":"instructor"}
[2026-04-18 17:48:59] SUCCESS: User melzs@gmail.com created with ID 7
[2026-04-18 19:16:29] CALL: Received payload: {"fullname":"Melisa Instructor","email":"melisa@example.com","password":"password123","role":"student"}
[2026-04-18 19:16:29] SUCCESS: User melisa@example.com created with ID 8
[2026-04-18 19:18:40] CALL: Received payload: {"fullname":"Melisa Instructor","email":"melisa@example.com","password":"password123","role":"student"}
[2026-04-18 19:18:40] SUCCESS: User melisa@example.com created with ID 9
[2026-04-18 19:55:41] CALL: Received payload: {"fullname":"tttt","email":"noe@example.com","password":"12345","role":"instructor"}
[2026-04-18 19:55:41] SUCCESS: User noe@example.com created with ID 10
[2026-04-19 16:35:43] CALL: Received payload: {"fullname":"Tariro M Konoro","email":"tariromelisakonor@gmail.com","password":"12345","role":"student"}
[2026-04-19 16:35:43] SUCCESS: User tariromelisakonor@gmail.com created with ID 11
[2026-04-19 22:12:47] CALL: Received payload: {"fullname":"Tariro M konoro","email":"tarirokonoro@gmail.com","password":"12345","role":"student"}
[2026-04-19 22:12:47] SUCCESS: User tarirokonoro@gmail.com created with ID 13
[2026-04-20 01:25:00] CALL: Received payload: {"fullname":"Precious","email":"precious@gmail.com","password":"12345","role":"parent"}
[2026-04-20 01:25:00] SUCCESS: User precious@gmail.com created with ID 14
[2026-04-20 13:57:30] CALL: Received payload: {"fullname":"Tariro M konoro","email":"tarirokonoro@gmail.com","password":"12345","role":"student"}
[2026-04-20 13:57:30] SUCCESS: User tarirokonoro@gmail.com created with ID 2
[2026-04-20 14:00:23] CALL: Received payload: {"fullname":"Melisa Lisa","email":"melzs@gmail.com","password":"12345","role":"instructor"}
[2026-04-20 14:00:24] SUCCESS: User melzs@gmail.com created with ID 3
[2026-04-20 14:01:41] CALL: Received payload: {"fullname":"Tariro","email":"tariro@gmail.com","password":"12345","role":"administrator"}
[2026-04-20 14:01:41] SUCCESS: User tariro@gmail.com created with ID 4
[2026-04-23 14:22:29] CALL: Received payload: {"fullname":"Precious","email":"precious@gmail.com","password":"12345","role":"parent"}
[2026-04-23 14:22:29] SUCCESS: User precious@gmail.com created with ID 101
[2026-04-27 13:46:45] CALL: Received payload: {"fullname":"Tariro M konoro","email":"tarirokonoro@gmail.com","password":"12345","role":"student"}
[2026-04-27 13:46:45] SUCCESS: User tarirokonoro@gmail.com created with ID 2
[2026-04-27 13:47:49] CALL: Received payload: {"fullname":"Melisa Lisa","email":"melzs@gmail.com","password":"12345","role":"instructor"}
[2026-04-27 13:47:49] SUCCESS: User melzs@gmail.com created with ID 3
[2026-04-27 13:49:12] CALL: Received payload: {"fullname":"Precious","email":"precious@gmail.com","password":"12345","role":"administrator"}
[2026-04-27 13:49:12] SUCCESS: User precious@gmail.com created with ID 4
[2026-04-28 07:36:13] CALL: Received payload: {"fullname":"cat","email":"cat@gmail.com","password":"12345","role":"parent"}
[2026-04-28 07:36:13] SUCCESS: User cat@gmail.com created with ID 8
[2026-04-29 00:08:28] CALL: Received payload: null
[2026-04-29 00:12:57] CALL: Received payload: null
[2026-04-29 00:12:57] SUCCESS: User babe@gmail.com created with ID 11
[2026-04-29 01:03:19] CALL: Received payload: null
[2026-04-29 01:03:19] SUCCESS: User ane@gmail.com created with ID 12
[2026-04-29 01:46:51] CALL: Received payload: {"fullname":"Tariro Basopo","email":"tadie@gmail.com","password":"12345","role":"student"}
[2026-04-29 01:46:51] SUCCESS: User tadie@gmail.com created with ID 13
[2026-04-29 02:07:58] CALL: Received payload: {"fullname":"Student Test","email":"student_test@example.com","password":"password123","role":"student"}
[2026-04-29 02:07:58] SUCCESS: User student_test@example.com created with ID 14
[2026-04-29 02:51:24] CALL: Received payload: {"fullname":"Student Test","email":"student@test.com","password":"password1234567890","role":"student"}
[2026-04-29 02:51:25] SUCCESS: User student@test.com created with ID 15
[2026-04-29 04:31:16] CALL: Received payload: null
[2026-04-29 04:31:16] SUCCESS: User john@gmail.com created with ID 16
[2026-04-29 19:17:01] CALL: Received payload: {"fullname":"Tatenda Ruzave","email":"tatenda@gmail.com","password":"12345","role":"administrator"}
[2026-04-29 19:17:01] SUCCESS: User tatenda@gmail.com created with ID 17
[2026-04-29 19:22:17] CALL: Received payload: {"fullname":"Precious Konoro","email":"preciouskonoro@gmail.com","password":"12345","role":"parent"}
[2026-04-29 19:22:17] SUCCESS: User preciouskonoro@gmail.com created with ID 18
[2026-04-29 23:43:54] CALL: Received payload: {"fullname":"Mukundi Mue","email":"mukundi@gmail.com","password":"12345","role":"student"}
[2026-04-29 23:43:54] SUCCESS: User mukundi@gmail.com created with ID 19
[2026-04-30 19:28:16] CALL: Received payload: {"fullname":"Tanaka K","email":"tanaka@gmail.com","password":"12345","role":"student"}
[2026-04-30 19:28:16] SUCCESS: User tanaka@gmail.com created with ID 23
[2026-04-30 19:31:03] CALL: Received payload: {"fullname":"Annah Tinotenda","email":"annah@gmail.com","password":"12345","role":"student"}
[2026-04-30 19:31:03] SUCCESS: User annah@gmail.com created with ID 24
[2026-04-30 19:37:16] CALL: Received payload: {"fullname":"Tinotenda Mapfunde","email":"tinotenda23@gmail.com","password":"12345","role":"student"}
[2026-04-30 19:37:16] SUCCESS: User tinotenda23@gmail.com created with ID 25
[2026-04-30 19:40:50] CALL: Received payload: {"fullname":"Tatenda Banda","email":"tatenda24@gmail.com","password":"12345","role":"student"}
[2026-04-30 19:40:51] SUCCESS: User tatenda24@gmail.com created with ID 26
[2026-04-30 20:02:53] CALL: Received payload: {"fullname":"Takura Taka","email":"takura@gmail.com","password":"12345","role":"administrator"}
[2026-04-30 20:02:53] SUCCESS: User takura@gmail.com created with ID 28
